c:\users\nicholas\documents\code\personaltest\2048\2048\x64\debug\2048.pch.codeanalysis
c:\users\nicholas\documents\code\personaltest\2048\2048\x64\debug\vc141.pdb
c:\users\nicholas\documents\code\personaltest\2048\2048\x64\debug\vc141.idb
c:\users\nicholas\documents\code\personaltest\2048\2048\x64\debug\2048.pch.codeanalysisast
c:\users\nicholas\documents\code\personaltest\2048\2048\x64\debug\stdafx.nativecodeanalysis.xml
c:\users\nicholas\documents\code\personaltest\2048\2048\x64\debug\stdafx.obj
c:\users\nicholas\documents\code\personaltest\2048\2048\x64\debug\2048.pch
c:\users\nicholas\documents\code\personaltest\2048\2048\x64\debug\2048.nativecodeanalysis.xml
c:\users\nicholas\documents\code\personaltest\2048\2048\x64\debug\2048.obj
c:\users\nicholas\documents\code\personaltest\2048\x64\debug\2048.ilk
c:\users\nicholas\documents\code\personaltest\2048\x64\debug\2048.exe
c:\users\nicholas\documents\code\personaltest\2048\x64\debug\2048.pdb
c:\users\nicholas\documents\code\personaltest\2048\2048\x64\debug\nativecodeanalysis.read.1.tlog
c:\users\nicholas\documents\code\personaltest\2048\2048\x64\debug\vc.nativecodeanalysis.all.xml
c:\users\nicholas\documents\code\personaltest\2048\x64\debug\2048.exe.lastcodeanalysissucceeded
c:\users\nicholas\documents\code\personaltest\2048\2048\x64\debug\2048.tlog\cl.command.1.tlog
c:\users\nicholas\documents\code\personaltest\2048\2048\x64\debug\2048.tlog\cl.read.1.tlog
c:\users\nicholas\documents\code\personaltest\2048\2048\x64\debug\2048.tlog\cl.write.1.tlog
c:\users\nicholas\documents\code\personaltest\2048\2048\x64\debug\2048.tlog\link.command.1.tlog
c:\users\nicholas\documents\code\personaltest\2048\2048\x64\debug\2048.tlog\link.read.1.tlog
c:\users\nicholas\documents\code\personaltest\2048\2048\x64\debug\2048.tlog\link.write.1.tlog
